
=== OpenMP Status ===
OpenMP Version: 201511
Number of available threads: 12

===================================================
EXERCISE 1 - FOURIER DIFFERENTIATION (EVEN vs ODD)
===================================================
ODD Fourier differentiation matrix accuracy for u(x) = exp(k*sin(x))
Error threshold: 1e-05

Found best N=22 for k=2 with error=3.77515e-06

Found best N=32 for k=4 with error=5.62095e-06

Found best N=42 for k=6 with error=4.12253e-06

Found best N=52 for k=8 with error=2.42548e-06

Found best N=60 for k=10 with error=7.89194e-06

Found best N=70 for k=12 with error=3.87017e-06

------------------------------------------------------
k      | Minimum N | Max Relative Error
------------------------------------------------------
2      | 22        | 3.7751538166e-06
4      | 32        | 5.6209452716e-06
6      | 42        | 4.1225347015e-06
8      | 52        | 2.4254849296e-06
10     | 60        | 7.8919411488e-06
12     | 70        | 3.8701745502e-06
------------------------------------------------------

EVEN Fourier differentiation matrix accuracy for u(x) = exp(k*sin(x))
Error threshold: 1.0000000000e-05

Found best N=20 for k=2 with error=3.1290042264e-06

Found best N=32 for k=4 with error=3.0243756338e-07

Found best N=40 for k=6 with error=1.1941448292e-06

Found best N=48 for k=8 with error=3.3670610580e-06

Found best N=56 for k=10 with error=8.2187876600e-06

Found best N=68 for k=12 with error=5.7866607255e-07

------------------------------------------------------
k      | Minimum N | Max Relative Error
------------------------------------------------------
2      | 20        | 3.1290042264e-06
4      | 32        | 3.0243756338e-07
6      | 40        | 1.1941448292e-06
8      | 48        | 3.3670610580e-06
10     | 56        | 8.2187876600e-06
12     | 68        | 5.7866607255e-07
------------------------------------------------------

===================================================
EXERCISE 2 - FOURIER DIFFERENTIATION CONVERGENCE
===================================================
Convergence Analysis for Fourier Differentiation
Method: EVEN

Function: cos(10x)
N         L_inf Error         L_2 Error           L_inf Ratio    L_2 Ratio      
-------------------------------------------------------------------------------
8         8.0000e+00          1.6000e+01          ---            ---            
16        1.6000e+01          4.5255e+01          0.5000         0.3536         
32        8.6153e-14          1.3570e-13          185715448551360.6250333500098904992.0625
64        1.2923e-13          3.2346e-13          0.6667         0.4195         
128       1.8652e-13          6.7558e-13          0.6929         0.4788         
256       3.5172e-13          1.6692e-12          0.5303         0.4047         
512       4.7999e-12          9.4409e-12          0.0733         0.1768         
1024      3.8023e-12          1.9599e-11          1.2624         0.4817         
2048      5.8907e-11          9.6908e-11          0.0645         0.2022         
-------------------------------------------------------------------------------


Function: cos(x/2)
N         L_inf Error         L_2 Error           L_inf Ratio    L_2 Ratio      
-------------------------------------------------------------------------------
8         1.7452e+00          2.6485e+00          ---            ---            
16        3.5196e+00          5.6549e+00          0.4958         0.4683         
32        7.0550e+00          1.1656e+01          0.4989         0.4852         
64        1.4118e+01          2.3651e+01          0.4997         0.4928         
128       2.8240e+01          4.7638e+01          0.4999         0.4965         
256       5.6482e+01          9.5610e+01          0.5000         0.4982         
512       1.1297e+02          1.9155e+02          0.5000         0.4991         
1024      2.2593e+02          3.8344e+02          0.5000         0.4996         
2048      4.5186e+02          7.6722e+02          0.5000         0.4998         
-------------------------------------------------------------------------------


Function: x
N         L_inf Error         L_2 Error           L_inf Ratio    L_2 Ratio      
-------------------------------------------------------------------------------
8         5.4429e+00          8.4026e+00          ---            ---            
16        1.1039e+01          1.7806e+01          0.4931         0.4719         
32        2.2155e+01          3.6637e+01          0.4983         0.4860         
64        4.4349e+01          7.4310e+01          0.4996         0.4930         
128       8.8716e+01          1.4966e+02          0.4999         0.4965         
256       1.7744e+02          3.0037e+02          0.5000         0.4983         
512       3.5489e+02          6.0179e+02          0.5000         0.4991         
1024      7.0978e+02          1.2046e+03          0.5000         0.4996         
2048      1.4196e+03          2.4103e+03          0.5000         0.4998         
-------------------------------------------------------------------------------


===================================================
EXERCISE 3a - SCALAR HYPERBOLIC PROBLEM - Convergence Study
===================================================
Performing convergence study at t = π...
N       Second Order        Fourth Order        Fourier             
--------------------------------------------------------------------
8       1.725550e+00        6.367170e-01        8.247194e-04        
16      1.055459e+00        2.018000e-01        7.453538e-06        
32      4.414254e-01        2.135519e-02        5.249659e-07        
64      1.315221e-01        1.411139e-03        3.543313e-08        
128     3.255398e-02        9.170628e-05        2.295848e-09        
256     8.057970e-03        5.833600e-06        1.470615e-10        
512     2.012431e-03        3.676609e-07        1.162892e-11        
1024    5.034371e-04        2.307363e-08        5.509815e-12        
2048    1.259441e-04        1.448690e-09        1.045342e-11        

Convergence Rates:
N       Second Order        Fourth Order        Fourier             
--------------------------------------------------------------------
16      0.71                1.66                6.79                
32      1.26                3.24                3.83                
64      1.75                3.92                3.89                
128     2.01                3.94                3.95                
256     2.01                3.97                3.96                
512     2.00                3.99                3.66                
1024    2.00                3.99                1.08                
2048    2.00                3.99                -0.92               

Error for N=2048 using second order: 1.26e-04
Equivalent N needed to achieve the same error:
  Fourth Order: N ≈ 1.26e+02
  Fourier: N ≈ 1.48e+01

===================================================
EXERCISE 3b - SCALAR HYPERBOLIC PROBLEM - Long-term Integration
===================================================

Performing long time integration comparison...
Time t = 0.00e+00
  Second order (N=200) error: 0.00e+00
  Fourier (N=10) error: 0.00e+00
Time t = 1.00e+02
  Second order (N=200) error: 3.96e-01
  Fourier (N=10) error: 1.30e-03
Time t = 2.00e+02
  Second order (N=200) error: 6.30e-01
  Fourier (N=10) error: 2.59e-03
